0 info it worked if it ends with ok
1 verbose cli [ '/Users/Divster/.nvm/versions/node/v6.8.1/bin/node',
1 verbose cli   '/Users/Divster/.nvm/versions/node/v6.8.1/bin/npm',
1 verbose cli   'start' ]
2 info using npm@4.0.2
3 info using node@v6.8.1
4 verbose config Skipping project config: /Users/Divster/.npmrc. (matches userconfig)
5 verbose stack Error: ENOENT: no such file or directory, open '/Users/Divster/package.json'
5 verbose stack     at Error (native)
6 verbose cwd /Users/Divster/Desktop/Web Dev/ReactJS/simpleReactApp
7 error Darwin 16.4.0
8 error argv "/Users/Divster/.nvm/versions/node/v6.8.1/bin/node" "/Users/Divster/.nvm/versions/node/v6.8.1/bin/npm" "start"
9 error node v6.8.1
10 error npm  v4.0.2
11 error path /Users/Divster/package.json
12 error code ENOENT
13 error errno -2
14 error syscall open
15 error enoent ENOENT: no such file or directory, open '/Users/Divster/package.json'
16 error enoent ENOENT: no such file or directory, open '/Users/Divster/package.json'
16 error enoent This is most likely not a problem with npm itself
16 error enoent and is related to npm not being able to find a file.
17 verbose exit [ -2, true ]
